<?xml version="1.0" encoding="UTF-8"?>
<!-- Generated by org.testng.reporters.JUnitXMLReporter -->
<testsuite hostname="Keshavas-MacBook-Pro.local" ignored="0" name="api validation" tests="2" failures="1" timestamp="29 Nov 2019 10:24:52 GMT" time="4.765" errors="0">
  <testcase name="getCuisinesDetailsForCity" time="2.991" classname="com.company.project.tests.CuisinesDetails"/>
  <testcase name="searchRestaurantsWithQuery" time="1.725" classname="com.company.project.tests.RestaurantDetails">
    <failure type="java.lang.AssertionError" message="Search query results for restaurants have produced invalid response expected [true] but found [false]">
      <![CDATA[java.lang.AssertionError: Search query results for restaurants have produced invalid response expected [true] but found [false]
at com.company.project.tests.RestaurantDetails.searchRestaurantsWithQuery(RestaurantDetails.java:34)
... Removed 28 stack frames]]>
    </failure>
  </testcase> <!-- searchRestaurantsWithQuery -->
</testsuite> <!-- api validation -->
